[19/Jun/2023:12:10:20] ENGINE Listening for SIGTERM.
[19/Jun/2023:12:10:20] ENGINE Listening for SIGHUP.
[19/Jun/2023:12:10:20] ENGINE Listening for SIGUSR1.
[19/Jun/2023:12:10:20]  Creating tables: Engine(postgresql://postgres:***@db:5432/postgres)
[19/Jun/2023:12:11:12] ENGINE Listening for SIGTERM.
[19/Jun/2023:12:11:12] ENGINE Listening for SIGHUP.
[19/Jun/2023:12:11:12] ENGINE Listening for SIGUSR1.
[19/Jun/2023:12:11:12]  Creating tables: Engine(postgresql://postgres:***@localhost:5432/postgres)
[19/Jun/2023:12:11:12] ENGINE Bus STARTING
[19/Jun/2023:12:11:12] ENGINE Started monitor thread 'Autoreloader'.
[19/Jun/2023:12:11:13] ENGINE Serving on http://0.0.0.0:8080
[19/Jun/2023:12:11:13] ENGINE Bus STARTED
[19/Jun/2023:12:12:50] ENGINE Caught signal SIGHUP.
[19/Jun/2023:12:12:50] ENGINE SIGHUP caught but not daemonized. Exiting.
[19/Jun/2023:12:12:50] ENGINE Bus STOPPING
[19/Jun/2023:12:12:50] ENGINE Caught signal SIGHUP.
[19/Jun/2023:12:12:50] ENGINE SIGHUP caught but not daemonized. Exiting.
[19/Jun/2023:12:12:50] ENGINE Bus STOPPING
[19/Jun/2023:12:12:51] ENGINE HTTP Server cherrypy._cpwsgi_server.CPWSGIServer(('0.0.0.0', 8080)) shut down
[19/Jun/2023:12:12:51] ENGINE Stopped thread 'Autoreloader'.
[19/Jun/2023:12:12:51] ENGINE Bus STOPPED
[19/Jun/2023:12:12:51] ENGINE Bus EXITING
[19/Jun/2023:12:12:51] ENGINE Bus EXITED
[19/Jun/2023:12:12:52] ENGINE HTTP Server cherrypy._cpwsgi_server.CPWSGIServer(('0.0.0.0', 8080)) shut down
[19/Jun/2023:12:12:52] ENGINE No thread running for None.
[19/Jun/2023:12:12:52] ENGINE Bus STOPPED
[19/Jun/2023:12:12:52] ENGINE Bus EXITING
[19/Jun/2023:12:12:52] ENGINE Bus EXITED
[19/Jun/2023:12:12:52] ENGINE Waiting for child threads to terminate...
